2019-04-03 13:58:49,966 [INFO] from application in play-dev-mode-akka.actor.default-dispatcher-7 - ApplicationTimer demo: Starting application at 2019-04-03T11:58:49.965Z.
2019-04-03 13:58:50,248 [INFO] from play.api.http.EnabledFilters in play-dev-mode-akka.actor.default-dispatcher-7 - Enabled Filters (see <https://www.playframework.com/documentation/latest/Filters>):

    play.filters.csrf.CSRFFilter
    play.filters.headers.SecurityHeadersFilter
    play.filters.hosts.AllowedHostsFilter
    filters.ExampleFilter

2019-04-03 13:58:50,253 [INFO] from play.api.Play in play-dev-mode-akka.actor.default-dispatcher-7 - Application started (Dev)
2019-04-03 14:01:12,707 [INFO] from application in ScalaTest-run-running-BrowserSpec - ApplicationTimer demo: Starting application at 2019-04-03T12:01:12.697Z.
2019-04-03 14:01:17,042 [INFO] from application in application-akka.actor.default-dispatcher-7 - ApplicationTimer demo: Stopping application at 2019-04-03T12:01:17.042Z after 5s.
2019-04-03 14:01:18,342 [INFO] from application in ScalaTest-run - ApplicationTimer demo: Starting application at 2019-04-03T12:01:18.342Z.
2019-04-03 14:01:18,455 [INFO] from application in application-akka.actor.default-dispatcher-4 - ApplicationTimer demo: Stopping application at 2019-04-03T12:01:18.454Z after 0s.
2019-04-03 14:01:43,841 [INFO] from application in ScalaTest-run-running-BrowserSpec - ApplicationTimer demo: Starting application at 2019-04-03T12:01:43.830Z.
2019-04-03 14:01:47,159 [INFO] from application in application-akka.actor.default-dispatcher-9 - ApplicationTimer demo: Stopping application at 2019-04-03T12:01:47.159Z after 4s.
2019-04-03 14:01:48,345 [INFO] from application in ScalaTest-run - ApplicationTimer demo: Starting application at 2019-04-03T12:01:48.345Z.
2019-04-03 14:01:48,456 [INFO] from application in application-akka.actor.default-dispatcher-3 - ApplicationTimer demo: Stopping application at 2019-04-03T12:01:48.456Z after 0s.
2019-04-03 14:22:18,359 [INFO] from application in ScalaTest-run-running-BrowserSpec - ApplicationTimer demo: Starting application at 2019-04-03T12:22:18.347Z.
2019-04-03 14:22:21,980 [INFO] from application in application-akka.actor.default-dispatcher-10 - ApplicationTimer demo: Stopping application at 2019-04-03T12:22:21.980Z after 3s.
2019-04-03 14:22:23,171 [INFO] from application in ScalaTest-run - ApplicationTimer demo: Starting application at 2019-04-03T12:22:23.171Z.
2019-04-03 14:22:23,281 [INFO] from application in application-akka.actor.default-dispatcher-3 - ApplicationTimer demo: Stopping application at 2019-04-03T12:22:23.281Z after 0s.
2019-04-03 14:24:16,280 [INFO] from application in ScalaTest-run-running-BrowserSpec - ApplicationTimer demo: Starting application at 2019-04-03T12:24:16.270Z.
2019-04-03 14:24:19,978 [INFO] from application in application-akka.actor.default-dispatcher-6 - ApplicationTimer demo: Stopping application at 2019-04-03T12:24:19.978Z after 3s.
2019-04-03 14:24:21,152 [INFO] from application in ScalaTest-run - ApplicationTimer demo: Starting application at 2019-04-03T12:24:21.152Z.
2019-04-03 14:24:21,275 [INFO] from application in application-akka.actor.default-dispatcher-2 - ApplicationTimer demo: Stopping application at 2019-04-03T12:24:21.275Z after 0s.
